<?xml version="1.0" encoding="UTF-8"?>
<testsuite xmlns:xsi="http://www.w3.org/2001/XMLSchema-instance" xsi:noNamespaceSchemaLocation="https://maven.apache.org/surefire/maven-surefire-plugin/xsd/surefire-test-report-3.0.xsd" version="3.0" name="TestSuite" time="5.316" tests="5" errors="0" skipped="0" failures="0">
  <properties>
    <property name="java.specification.version" value="21"/>
    <property name="sun.jnu.encoding" value="UTF-8"/>
    <property name="java.class.path" value="/Users/rayhanchowdhury/eclipse-workspace/formy-project/target/test-classes:/Users/rayhanchowdhury/eclipse-workspace/formy-project/target/classes:/Users/rayhanchowdhury/.m2/repository/org/seleniumhq/selenium/selenium-java/4.23.0/selenium-java-4.23.0.jar:/Users/rayhanchowdhury/.m2/repository/org/seleniumhq/selenium/selenium-api/4.23.0/selenium-api-4.23.0.jar:/Users/rayhanchowdhury/.m2/repository/org/seleniumhq/selenium/selenium-chrome-driver/4.23.0/selenium-chrome-driver-4.23.0.jar:/Users/rayhanchowdhury/.m2/repository/com/google/auto/service/auto-service-annotations/1.1.1/auto-service-annotations-1.1.1.jar:/Users/rayhanchowdhury/.m2/repository/org/seleniumhq/selenium/selenium-chromium-driver/4.23.0/selenium-chromium-driver-4.23.0.jar:/Users/rayhanchowdhury/.m2/repository/org/seleniumhq/selenium/selenium-json/4.23.0/selenium-json-4.23.0.jar:/Users/rayhanchowdhury/.m2/repository/org/seleniumhq/selenium/selenium-manager/4.23.0/selenium-manager-4.23.0.jar:/Users/rayhanchowdhury/.m2/repository/org/seleniumhq/selenium/selenium-devtools-v125/4.23.0/selenium-devtools-v125-4.23.0.jar:/Users/rayhanchowdhury/.m2/repository/org/seleniumhq/selenium/selenium-devtools-v126/4.23.0/selenium-devtools-v126-4.23.0.jar:/Users/rayhanchowdhury/.m2/repository/org/seleniumhq/selenium/selenium-devtools-v127/4.23.0/selenium-devtools-v127-4.23.0.jar:/Users/rayhanchowdhury/.m2/repository/org/seleniumhq/selenium/selenium-devtools-v85/4.23.0/selenium-devtools-v85-4.23.0.jar:/Users/rayhanchowdhury/.m2/repository/org/seleniumhq/selenium/selenium-edge-driver/4.23.0/selenium-edge-driver-4.23.0.jar:/Users/rayhanchowdhury/.m2/repository/org/seleniumhq/selenium/selenium-firefox-driver/4.23.0/selenium-firefox-driver-4.23.0.jar:/Users/rayhanchowdhury/.m2/repository/org/seleniumhq/selenium/selenium-http/4.23.0/selenium-http-4.23.0.jar:/Users/rayhanchowdhury/.m2/repository/dev/failsafe/failsafe/3.3.2/failsafe-3.3.2.jar:/Users/rayhanchowdhury/.m2/repository/org/seleniumhq/selenium/selenium-ie-driver/4.23.0/selenium-ie-driver-4.23.0.jar:/Users/rayhanchowdhury/.m2/repository/org/seleniumhq/selenium/selenium-remote-driver/4.23.0/selenium-remote-driver-4.23.0.jar:/Users/rayhanchowdhury/.m2/repository/com/google/guava/guava/33.2.1-jre/guava-33.2.1-jre.jar:/Users/rayhanchowdhury/.m2/repository/com/google/guava/failureaccess/1.0.2/failureaccess-1.0.2.jar:/Users/rayhanchowdhury/.m2/repository/com/google/guava/listenablefuture/9999.0-empty-to-avoid-conflict-with-guava/listenablefuture-9999.0-empty-to-avoid-conflict-with-guava.jar:/Users/rayhanchowdhury/.m2/repository/com/google/code/findbugs/jsr305/3.0.2/jsr305-3.0.2.jar:/Users/rayhanchowdhury/.m2/repository/org/checkerframework/checker-qual/3.42.0/checker-qual-3.42.0.jar:/Users/rayhanchowdhury/.m2/repository/com/google/errorprone/error_prone_annotations/2.26.1/error_prone_annotations-2.26.1.jar:/Users/rayhanchowdhury/.m2/repository/com/google/j2objc/j2objc-annotations/3.0.0/j2objc-annotations-3.0.0.jar:/Users/rayhanchowdhury/.m2/repository/io/opentelemetry/semconv/opentelemetry-semconv/1.25.0-alpha/opentelemetry-semconv-1.25.0-alpha.jar:/Users/rayhanchowdhury/.m2/repository/io/opentelemetry/opentelemetry-api/1.40.0/opentelemetry-api-1.40.0.jar:/Users/rayhanchowdhury/.m2/repository/io/opentelemetry/opentelemetry-context/1.40.0/opentelemetry-context-1.40.0.jar:/Users/rayhanchowdhury/.m2/repository/io/opentelemetry/opentelemetry-exporter-logging/1.40.0/opentelemetry-exporter-logging-1.40.0.jar:/Users/rayhanchowdhury/.m2/repository/io/opentelemetry/opentelemetry-sdk-common/1.40.0/opentelemetry-sdk-common-1.40.0.jar:/Users/rayhanchowdhury/.m2/repository/io/opentelemetry/opentelemetry-sdk-extension-autoconfigure-spi/1.40.0/opentelemetry-sdk-extension-autoconfigure-spi-1.40.0.jar:/Users/rayhanchowdhury/.m2/repository/io/opentelemetry/opentelemetry-sdk-extension-autoconfigure/1.40.0/opentelemetry-sdk-extension-autoconfigure-1.40.0.jar:/Users/rayhanchowdhury/.m2/repository/io/opentelemetry/opentelemetry-api-incubator/1.40.0-alpha/opentelemetry-api-incubator-1.40.0-alpha.jar:/Users/rayhanchowdhury/.m2/repository/io/opentelemetry/opentelemetry-sdk-trace/1.40.0/opentelemetry-sdk-trace-1.40.0.jar:/Users/rayhanchowdhury/.m2/repository/io/opentelemetry/opentelemetry-sdk/1.40.0/opentelemetry-sdk-1.40.0.jar:/Users/rayhanchowdhury/.m2/repository/io/opentelemetry/opentelemetry-sdk-metrics/1.40.0/opentelemetry-sdk-metrics-1.40.0.jar:/Users/rayhanchowdhury/.m2/repository/io/opentelemetry/opentelemetry-sdk-logs/1.40.0/opentelemetry-sdk-logs-1.40.0.jar:/Users/rayhanchowdhury/.m2/repository/net/bytebuddy/byte-buddy/1.14.18/byte-buddy-1.14.18.jar:/Users/rayhanchowdhury/.m2/repository/org/seleniumhq/selenium/selenium-os/4.23.0/selenium-os-4.23.0.jar:/Users/rayhanchowdhury/.m2/repository/org/apache/commons/commons-exec/1.4.0/commons-exec-1.4.0.jar:/Users/rayhanchowdhury/.m2/repository/org/seleniumhq/selenium/selenium-safari-driver/4.23.0/selenium-safari-driver-4.23.0.jar:/Users/rayhanchowdhury/.m2/repository/org/seleniumhq/selenium/selenium-support/4.23.0/selenium-support-4.23.0.jar:/Users/rayhanchowdhury/.m2/repository/org/testng/testng/7.0.0/testng-7.0.0.jar:/Users/rayhanchowdhury/.m2/repository/com/beust/jcommander/1.72/jcommander-1.72.jar:/Users/rayhanchowdhury/.m2/repository/org/apache/logging/log4j/log4j-core/2.23.1/log4j-core-2.23.1.jar:/Users/rayhanchowdhury/.m2/repository/org/apache/logging/log4j/log4j-api/2.23.1/log4j-api-2.23.1.jar:/Users/rayhanchowdhury/.m2/repository/org/apache/logging/log4j/log4j-slf4j-impl/2.23.1/log4j-slf4j-impl-2.23.1.jar:/Users/rayhanchowdhury/.m2/repository/org/slf4j/slf4j-api/1.7.36/slf4j-api-1.7.36.jar:/Users/rayhanchowdhury/.m2/repository/com/aventstack/extentreports/5.1.2/extentreports-5.1.2.jar:/Users/rayhanchowdhury/.m2/repository/io/reactivex/rxjava3/rxjava/3.1.6/rxjava-3.1.6.jar:/Users/rayhanchowdhury/.m2/repository/org/reactivestreams/reactive-streams/1.0.4/reactive-streams-1.0.4.jar:/Users/rayhanchowdhury/.m2/repository/org/freemarker/freemarker/2.3.32/freemarker-2.3.32.jar:/Users/rayhanchowdhury/.m2/repository/org/projectlombok/lombok/1.18.26/lombok-1.18.26.jar:/Users/rayhanchowdhury/.m2/repository/com/google/code/gson/gson/2.10.1/gson-2.10.1.jar:"/>
    <property name="java.vm.vendor" value="Homebrew"/>
    <property name="sun.arch.data.model" value="64"/>
    <property name="java.vendor.url" value="https://github.com/Homebrew/homebrew-core/issues"/>
    <property name="user.timezone" value="America/New_York"/>
    <property name="os.name" value="Mac OS X"/>
    <property name="java.vm.specification.version" value="21"/>
    <property name="sun.java.launcher" value="SUN_STANDARD"/>
    <property name="user.country" value="US"/>
    <property name="sun.boot.library.path" value="/opt/homebrew/Cellar/openjdk@21/21.0.4/libexec/openjdk.jdk/Contents/Home/lib"/>
    <property name="sun.java.command" value="/Users/rayhanchowdhury/eclipse-workspace/formy-project/target/surefire/surefirebooter-20240815182429244_3.jar /Users/rayhanchowdhury/eclipse-workspace/formy-project/target/surefire 2024-08-15T18-24-29_211-jvmRun1 surefire-20240815182429244_1tmp surefire_0-20240815182429244_2tmp"/>
    <property name="http.nonProxyHosts" value="local|*.local|169.254/16|*.169.254/16"/>
    <property name="jdk.debug" value="release"/>
    <property name="surefire.test.class.path" value="/Users/rayhanchowdhury/eclipse-workspace/formy-project/target/test-classes:/Users/rayhanchowdhury/eclipse-workspace/formy-project/target/classes:/Users/rayhanchowdhury/.m2/repository/org/seleniumhq/selenium/selenium-java/4.23.0/selenium-java-4.23.0.jar:/Users/rayhanchowdhury/.m2/repository/org/seleniumhq/selenium/selenium-api/4.23.0/selenium-api-4.23.0.jar:/Users/rayhanchowdhury/.m2/repository/org/seleniumhq/selenium/selenium-chrome-driver/4.23.0/selenium-chrome-driver-4.23.0.jar:/Users/rayhanchowdhury/.m2/repository/com/google/auto/service/auto-service-annotations/1.1.1/auto-service-annotations-1.1.1.jar:/Users/rayhanchowdhury/.m2/repository/org/seleniumhq/selenium/selenium-chromium-driver/4.23.0/selenium-chromium-driver-4.23.0.jar:/Users/rayhanchowdhury/.m2/repository/org/seleniumhq/selenium/selenium-json/4.23.0/selenium-json-4.23.0.jar:/Users/rayhanchowdhury/.m2/repository/org/seleniumhq/selenium/selenium-manager/4.23.0/selenium-manager-4.23.0.jar:/Users/rayhanchowdhury/.m2/repository/org/seleniumhq/selenium/selenium-devtools-v125/4.23.0/selenium-devtools-v125-4.23.0.jar:/Users/rayhanchowdhury/.m2/repository/org/seleniumhq/selenium/selenium-devtools-v126/4.23.0/selenium-devtools-v126-4.23.0.jar:/Users/rayhanchowdhury/.m2/repository/org/seleniumhq/selenium/selenium-devtools-v127/4.23.0/selenium-devtools-v127-4.23.0.jar:/Users/rayhanchowdhury/.m2/repository/org/seleniumhq/selenium/selenium-devtools-v85/4.23.0/selenium-devtools-v85-4.23.0.jar:/Users/rayhanchowdhury/.m2/repository/org/seleniumhq/selenium/selenium-edge-driver/4.23.0/selenium-edge-driver-4.23.0.jar:/Users/rayhanchowdhury/.m2/repository/org/seleniumhq/selenium/selenium-firefox-driver/4.23.0/selenium-firefox-driver-4.23.0.jar:/Users/rayhanchowdhury/.m2/repository/org/seleniumhq/selenium/selenium-http/4.23.0/selenium-http-4.23.0.jar:/Users/rayhanchowdhury/.m2/repository/dev/failsafe/failsafe/3.3.2/failsafe-3.3.2.jar:/Users/rayhanchowdhury/.m2/repository/org/seleniumhq/selenium/selenium-ie-driver/4.23.0/selenium-ie-driver-4.23.0.jar:/Users/rayhanchowdhury/.m2/repository/org/seleniumhq/selenium/selenium-remote-driver/4.23.0/selenium-remote-driver-4.23.0.jar:/Users/rayhanchowdhury/.m2/repository/com/google/guava/guava/33.2.1-jre/guava-33.2.1-jre.jar:/Users/rayhanchowdhury/.m2/repository/com/google/guava/failureaccess/1.0.2/failureaccess-1.0.2.jar:/Users/rayhanchowdhury/.m2/repository/com/google/guava/listenablefuture/9999.0-empty-to-avoid-conflict-with-guava/listenablefuture-9999.0-empty-to-avoid-conflict-with-guava.jar:/Users/rayhanchowdhury/.m2/repository/com/google/code/findbugs/jsr305/3.0.2/jsr305-3.0.2.jar:/Users/rayhanchowdhury/.m2/repository/org/checkerframework/checker-qual/3.42.0/checker-qual-3.42.0.jar:/Users/rayhanchowdhury/.m2/repository/com/google/errorprone/error_prone_annotations/2.26.1/error_prone_annotations-2.26.1.jar:/Users/rayhanchowdhury/.m2/repository/com/google/j2objc/j2objc-annotations/3.0.0/j2objc-annotations-3.0.0.jar:/Users/rayhanchowdhury/.m2/repository/io/opentelemetry/semconv/opentelemetry-semconv/1.25.0-alpha/opentelemetry-semconv-1.25.0-alpha.jar:/Users/rayhanchowdhury/.m2/repository/io/opentelemetry/opentelemetry-api/1.40.0/opentelemetry-api-1.40.0.jar:/Users/rayhanchowdhury/.m2/repository/io/opentelemetry/opentelemetry-context/1.40.0/opentelemetry-context-1.40.0.jar:/Users/rayhanchowdhury/.m2/repository/io/opentelemetry/opentelemetry-exporter-logging/1.40.0/opentelemetry-exporter-logging-1.40.0.jar:/Users/rayhanchowdhury/.m2/repository/io/opentelemetry/opentelemetry-sdk-common/1.40.0/opentelemetry-sdk-common-1.40.0.jar:/Users/rayhanchowdhury/.m2/repository/io/opentelemetry/opentelemetry-sdk-extension-autoconfigure-spi/1.40.0/opentelemetry-sdk-extension-autoconfigure-spi-1.40.0.jar:/Users/rayhanchowdhury/.m2/repository/io/opentelemetry/opentelemetry-sdk-extension-autoconfigure/1.40.0/opentelemetry-sdk-extension-autoconfigure-1.40.0.jar:/Users/rayhanchowdhury/.m2/repository/io/opentelemetry/opentelemetry-api-incubator/1.40.0-alpha/opentelemetry-api-incubator-1.40.0-alpha.jar:/Users/rayhanchowdhury/.m2/repository/io/opentelemetry/opentelemetry-sdk-trace/1.40.0/opentelemetry-sdk-trace-1.40.0.jar:/Users/rayhanchowdhury/.m2/repository/io/opentelemetry/opentelemetry-sdk/1.40.0/opentelemetry-sdk-1.40.0.jar:/Users/rayhanchowdhury/.m2/repository/io/opentelemetry/opentelemetry-sdk-metrics/1.40.0/opentelemetry-sdk-metrics-1.40.0.jar:/Users/rayhanchowdhury/.m2/repository/io/opentelemetry/opentelemetry-sdk-logs/1.40.0/opentelemetry-sdk-logs-1.40.0.jar:/Users/rayhanchowdhury/.m2/repository/net/bytebuddy/byte-buddy/1.14.18/byte-buddy-1.14.18.jar:/Users/rayhanchowdhury/.m2/repository/org/seleniumhq/selenium/selenium-os/4.23.0/selenium-os-4.23.0.jar:/Users/rayhanchowdhury/.m2/repository/org/apache/commons/commons-exec/1.4.0/commons-exec-1.4.0.jar:/Users/rayhanchowdhury/.m2/repository/org/seleniumhq/selenium/selenium-safari-driver/4.23.0/selenium-safari-driver-4.23.0.jar:/Users/rayhanchowdhury/.m2/repository/org/seleniumhq/selenium/selenium-support/4.23.0/selenium-support-4.23.0.jar:/Users/rayhanchowdhury/.m2/repository/org/testng/testng/7.0.0/testng-7.0.0.jar:/Users/rayhanchowdhury/.m2/repository/com/beust/jcommander/1.72/jcommander-1.72.jar:/Users/rayhanchowdhury/.m2/repository/org/apache/logging/log4j/log4j-core/2.23.1/log4j-core-2.23.1.jar:/Users/rayhanchowdhury/.m2/repository/org/apache/logging/log4j/log4j-api/2.23.1/log4j-api-2.23.1.jar:/Users/rayhanchowdhury/.m2/repository/org/apache/logging/log4j/log4j-slf4j-impl/2.23.1/log4j-slf4j-impl-2.23.1.jar:/Users/rayhanchowdhury/.m2/repository/org/slf4j/slf4j-api/1.7.36/slf4j-api-1.7.36.jar:/Users/rayhanchowdhury/.m2/repository/com/aventstack/extentreports/5.1.2/extentreports-5.1.2.jar:/Users/rayhanchowdhury/.m2/repository/io/reactivex/rxjava3/rxjava/3.1.6/rxjava-3.1.6.jar:/Users/rayhanchowdhury/.m2/repository/org/reactivestreams/reactive-streams/1.0.4/reactive-streams-1.0.4.jar:/Users/rayhanchowdhury/.m2/repository/org/freemarker/freemarker/2.3.32/freemarker-2.3.32.jar:/Users/rayhanchowdhury/.m2/repository/org/projectlombok/lombok/1.18.26/lombok-1.18.26.jar:/Users/rayhanchowdhury/.m2/repository/com/google/code/gson/gson/2.10.1/gson-2.10.1.jar:"/>
    <property name="sun.cpu.endian" value="little"/>
    <property name="user.home" value="/Users/rayhanchowdhury"/>
    <property name="user.language" value="en"/>
    <property name="java.specification.vendor" value="Oracle Corporation"/>
    <property name="java.version.date" value="2024-07-16"/>
    <property name="java.home" value="/opt/homebrew/Cellar/openjdk@21/21.0.4/libexec/openjdk.jdk/Contents/Home"/>
    <property name="file.separator" value="/"/>
    <property name="basedir" value="/Users/rayhanchowdhury/eclipse-workspace/formy-project"/>
    <property name="java.vm.compressedOopsMode" value="Zero based"/>
    <property name="line.separator" value="&#10;"/>
    <property name="java.vm.specification.vendor" value="Oracle Corporation"/>
    <property name="java.specification.name" value="Java Platform API Specification"/>
    <property name="apple.awt.application.name" value="ForkedBooter"/>
    <property name="surefire.real.class.path" value="/Users/rayhanchowdhury/eclipse-workspace/formy-project/target/surefire/surefirebooter-20240815182429244_3.jar"/>
    <property name="sun.management.compiler" value="HotSpot 64-Bit Tiered Compilers"/>
    <property name="ftp.nonProxyHosts" value="local|*.local|169.254/16|*.169.254/16"/>
    <property name="java.runtime.version" value="21.0.4"/>
    <property name="user.name" value="rayhanchowdhury"/>
    <property name="stdout.encoding" value="UTF-8"/>
    <property name="path.separator" value=":"/>
    <property name="os.version" value="14.6.1"/>
    <property name="java.runtime.name" value="OpenJDK Runtime Environment"/>
    <property name="file.encoding" value="UTF-8"/>
    <property name="java.vm.name" value="OpenJDK 64-Bit Server VM"/>
    <property name="java.vendor.version" value="Homebrew"/>
    <property name="localRepository" value="/Users/rayhanchowdhury/.m2/repository"/>
    <property name="java.vendor.url.bug" value="https://github.com/Homebrew/homebrew-core/issues"/>
    <property name="java.io.tmpdir" value="/var/folders/ny/0jxhfr217tb_g8zqcgp1fqgr0000gn/T/"/>
    <property name="java.version" value="21.0.4"/>
    <property name="user.dir" value="/Users/rayhanchowdhury/eclipse-workspace/formy-project"/>
    <property name="os.arch" value="aarch64"/>
    <property name="java.vm.specification.name" value="Java Virtual Machine Specification"/>
    <property name="native.encoding" value="UTF-8"/>
    <property name="java.library.path" value="/Users/rayhanchowdhury/Library/Java/Extensions:/Library/Java/Extensions:/Network/Library/Java/Extensions:/System/Library/Java/Extensions:/usr/lib/java:."/>
    <property name="java.vm.info" value="mixed mode, sharing"/>
    <property name="stderr.encoding" value="UTF-8"/>
    <property name="java.vendor" value="Homebrew"/>
    <property name="java.vm.version" value="21.0.4"/>
    <property name="sun.io.unicode.encoding" value="UnicodeBig"/>
    <property name="socksNonProxyHosts" value="local|*.local|169.254/16|*.169.254/16"/>
    <property name="java.class.version" value="65.0"/>
  </properties>
  <testcase name="verifyTitle" classname="com.qa.formy.tests.Autocomplete_Test" time="0.092">
    <system-out><![CDATA[2024-08-15 18:24:29 INFO  DriverFactory:108 - Running on qa env
2024-08-15 18:24:29 INFO  DriverFactory:109 - java.io.FileInputStream@52c3cb31
2024-08-15 18:24:29 INFO  DriverFactory:45 - browser name input in properties file: chrome
2024-08-15 18:24:31 INFO  DriverFactory:60 - Browser is: chrome
2024-08-15 18:24:31 INFO  ElementUtils:28 - locator : By.xpath: //a[text()='Autocomplete' and @class='btn btn-lg']
2024-08-15 18:24:31 INFO  ElementUtils:22 - Actual titls Autocomplete Form page: Formy
]]></system-out>
  </testcase>
  <testcase name="veryfyInputFieldEnbled" classname="com.qa.formy.tests.Autocomplete_Test" time="0.077">
    <system-out><![CDATA[2024-08-15 18:24:31 INFO  ElementUtils:28 - locator : By.xpath: //input[@id='autocomplete']
2024-08-15 18:24:31 INFO  ElementUtils:28 - locator : By.id: street_number
2024-08-15 18:24:31 INFO  ElementUtils:28 - locator : By.id: route
2024-08-15 18:24:31 INFO  ElementUtils:28 - locator : By.id: route
2024-08-15 18:24:31 INFO  ElementUtils:28 - locator : By.id: route
2024-08-15 18:24:31 INFO  ElementUtils:28 - locator : By.id: route
2024-08-15 18:24:31 INFO  ElementUtils:28 - locator : By.id: route
]]></system-out>
  </testcase>
  <testcase name="validateFormAutocompleteField[hillcrest dr, hillcrest, amherstBuffalo, Amherst, NY, 14226, USA](1)" classname="com.qa.formy.tests.Autocomplete_Test" time="0.316">
    <system-out><![CDATA[2024-08-15 18:24:31 INFO  ElementUtils:28 - locator : By.xpath: //input[@id='autocomplete']
2024-08-15 18:24:31 INFO  ElementUtils:28 - locator : By.xpath: //input[@id='autocomplete']
2024-08-15 18:24:31 INFO  ElementUtils:28 - locator : By.id: street_number
2024-08-15 18:24:31 INFO  ElementUtils:28 - locator : By.id: street_number
2024-08-15 18:24:32 INFO  ElementUtils:28 - locator : By.id: route
2024-08-15 18:24:32 INFO  ElementUtils:28 - locator : By.id: route
2024-08-15 18:24:32 INFO  ElementUtils:28 - locator : By.id: locality
2024-08-15 18:24:32 INFO  ElementUtils:28 - locator : By.id: locality
2024-08-15 18:24:32 INFO  ElementUtils:28 - locator : By.id: administrative_area_level_1
2024-08-15 18:24:32 INFO  ElementUtils:28 - locator : By.id: administrative_area_level_1
2024-08-15 18:24:32 INFO  ElementUtils:28 - locator : By.id: postal_code
2024-08-15 18:24:32 INFO  ElementUtils:28 - locator : By.id: postal_code
2024-08-15 18:24:32 INFO  ElementUtils:28 - locator : By.id: country
2024-08-15 18:24:32 INFO  ElementUtils:28 - locator : By.id: country
]]></system-out>
  </testcase>
  <testcase name="validateFormAutocompleteField[DhakaMirpur, Mi, Mipur, Dhaka, BD, 14, BD](2)" classname="com.qa.formy.tests.Autocomplete_Test" time="0.243">
    <system-out><![CDATA[2024-08-15 18:24:32 INFO  ElementUtils:28 - locator : By.xpath: //input[@id='autocomplete']
2024-08-15 18:24:32 INFO  ElementUtils:28 - locator : By.xpath: //input[@id='autocomplete']
2024-08-15 18:24:32 INFO  ElementUtils:28 - locator : By.id: street_number
2024-08-15 18:24:32 INFO  ElementUtils:28 - locator : By.id: street_number
2024-08-15 18:24:32 INFO  ElementUtils:28 - locator : By.id: route
2024-08-15 18:24:32 INFO  ElementUtils:28 - locator : By.id: route
2024-08-15 18:24:32 INFO  ElementUtils:28 - locator : By.id: locality
2024-08-15 18:24:32 INFO  ElementUtils:28 - locator : By.id: locality
2024-08-15 18:24:32 INFO  ElementUtils:28 - locator : By.id: administrative_area_level_1
2024-08-15 18:24:32 INFO  ElementUtils:28 - locator : By.id: administrative_area_level_1
2024-08-15 18:24:32 INFO  ElementUtils:28 - locator : By.id: postal_code
2024-08-15 18:24:32 INFO  ElementUtils:28 - locator : By.id: postal_code
2024-08-15 18:24:32 INFO  ElementUtils:28 - locator : By.id: country
2024-08-15 18:24:32 INFO  ElementUtils:28 - locator : By.id: country
]]></system-out>
  </testcase>
  <testcase name="veryfyAlltheButtonPresent" classname="com.qa.formy.tests.Button_Test" time="0.471">
    <system-out><![CDATA[2024-08-15 18:24:32 INFO  DriverFactory:108 - Running on qa env
2024-08-15 18:24:32 INFO  DriverFactory:109 - java.io.FileInputStream@2bac9ba
2024-08-15 18:24:32 INFO  DriverFactory:45 - browser name input in properties file: chrome
2024-08-15 18:24:33 INFO  DriverFactory:60 - Browser is: chrome
2024-08-15 18:24:34 INFO  ElementUtils:28 - locator : By.linkText: Buttons
2024-08-15 18:24:34 INFO  ElementUtils:28 - locator : By.xpath: //form/div//button
2024-08-15 18:24:34 INFO  ElementUtils:28 - locator : By.xpath: //div[@class='dropdown-menu show']/a
]]></system-out>
  </testcase>
</testsuite>