<?xml version="1.0" encoding="UTF-8"?>
<!-- Generated by org.testng.reporters.JUnitReportReporter -->
<testsuite hostname="Rayhans-Air" failures="0" tests="4" name="com.qa.formy.tests.Autocomplete_Test" time="0.823" errors="0" timestamp="2024-08-15T23:14:37 EDT" skipped="0">
  <testcase classname="com.qa.formy.tests.Autocomplete_Test" name="verifyTitle" time="0.069"/>
  <testcase classname="com.qa.formy.tests.Autocomplete_Test" name="veryfyInputFieldEnbled" time="0.121"/>
  <testcase classname="com.qa.formy.tests.Autocomplete_Test" name="validateFormAutocompleteField" time="0.356"/>
  <testcase classname="com.qa.formy.tests.Autocomplete_Test" name="validateFormAutocompleteField" time="0.277"/>
</testsuite> <!-- com.qa.formy.tests.Autocomplete_Test -->
