<?xml version="1.0" encoding="UTF-8"?>
<!-- Generated by org.testng.reporters.JUnitReportReporter -->
<testsuite hostname="Rayhans-Air" failures="0" tests="1" name="com.qa.formy.tests.Button_Test" time="0.471" errors="0" timestamp="2024-08-15T18:24:34 EDT" skipped="0">
  <testcase classname="com.qa.formy.tests.Button_Test" name="veryfyAlltheButtonPresent" time="0.471"/>
</testsuite> <!-- com.qa.formy.tests.Button_Test -->
