<?xml version="1.0" encoding="UTF-8"?>
<!-- Generated by org.testng.reporters.JUnitReportReporter -->
<testsuite hostname="Rayhans-Air" failures="0" tests="4" name="com.qa.formy.tests.Autocomplete_Test" time="0.728" errors="0" timestamp="2024-08-15T18:24:34 EDT" skipped="0">
  <testcase classname="com.qa.formy.tests.Autocomplete_Test" name="verifyTitle" time="0.070"/>
  <testcase classname="com.qa.formy.tests.Autocomplete_Test" name="veryfyInputFieldEnbled" time="0.099"/>
  <testcase classname="com.qa.formy.tests.Autocomplete_Test" name="validateFormAutocompleteField" time="0.243"/>
  <testcase classname="com.qa.formy.tests.Autocomplete_Test" name="validateFormAutocompleteField" time="0.316"/>
</testsuite> <!-- com.qa.formy.tests.Autocomplete_Test -->
